#
# There is insufficient memory for the Java Runtime Environment to continue.
# Native memory allocation (malloc) failed to allocate 1048576 bytes for AllocateHeap
# Possible reasons:
#   The system is out of physical RAM or swap space
#   In 32 bit mode, the process size limit was hit
# Possible solutions:
#   Reduce memory load on the system
#   Increase physical memory or swap space
#   Check if swap backing store is full
#   Use 64 bit Java on a 64 bit OS
#   Decrease Java heap size (-Xmx/-Xms)
#   Decrease number of Java threads
#   Decrease Java thread stack sizes (-Xss)
#   Set larger code cache with -XX:ReservedCodeCacheSize=
# This output file may be truncated or incomplete.
#
#  Out of Memory Error (memory/allocation.inline.hpp:61), pid=15816, tid=0x00000000000058c8
#
# JRE version:  (8.0) (build )
# Java VM: OpenJDK 64-Bit Server VM (25.71-b00 mixed mode windows-amd64 compressed oops)
# Failed to write core dump. Minidumps are not enabled by default on client versions of Windows
#

---------------  T H R E A D  ---------------

Current thread (0x00000000023c2800):  JavaThread "Unknown thread" [_thread_in_vm, id=22728, stack(0x00000000022c0000,0x00000000023c0000)]

Stack: [0x00000000022c0000,0x00000000023c0000]
[error occurred during error reporting (printing stack bounds), id 0xc0000005]

Native frames: (J=compiled Java code, j=interpreted, Vv=VM code, C=native code)


---------------  P R O C E S S  ---------------

Java Threads: ( => current thread )

Other Threads:

=>0x00000000023c2800 (exited) JavaThread "Unknown thread" [_thread_in_vm, id=22728, stack(0x00000000022c0000,0x00000000023c0000)]

VM state:not at safepoint (normal execution)

VM Mutex/Monitor currently owned by a thread: None

Heap:
 PSYoungGen      total 37888K, used 655K [0x00000000d6800000, 0x00000000d9200000, 0x0000000100000000)
  eden space 32768K, 2% used [0x00000000d6800000,0x00000000d68a3d80,0x00000000d8800000)
  from space 5120K, 0% used [0x00000000d8d00000,0x00000000d8d00000,0x00000000d9200000)
  to   space 5120K, 0% used [0x00000000d8800000,0x00000000d8800000,0x00000000d8d00000)
 ParOldGen       total 86016K, used 0K [0x0000000083800000, 0x0000000088c00000, 0x00000000d6800000)
  object space 86016K, 0% used [0x0000000083800000,0x0000000083800000,0x0000000088c00000)
 Metaspace       used 777K, capacity 4480K, committed 4480K, reserved 1056768K
  class space    used 74K, capacity 384K, committed 384K, reserved 1048576K

Card table byte_map: [0x0000000011880000,0x0000000011c70000] byte_map_base: 0x0000000011464000

Marking Bits: (ParMarkBitMap*) 0x0000000064e6be50
 Begin Bits: [0x0000000012710000, 0x0000000014630000)
 End Bits:   [0x0000000014630000, 0x0000000016550000)

Polling page: 0x0000000002270000

CodeCache: size=245760Kb used=328Kb max_used=328Kb free=245431Kb
 bounds [0x00000000024c0000, 0x0000000002730000, 0x00000000114c0000]
 total_blobs=57 nmethods=0 adapters=38
 compilation: enabled

Compilation events (0 events):
No events

GC Heap History (0 events):
No events

Deoptimization events (0 events):
No events

Classes redefined (0 events):
No events

Internal exceptions (0 events):
No events

Events (10 events):
Event: 0.015 loading class java/lang/Short
Event: 0.015 loading class java/lang/Short done
Event: 0.015 loading class java/lang/Integer
Event: 0.016 loading class java/lang/Integer done
Event: 0.016 loading class java/lang/Long
Event: 0.016 loading class java/lang/Long done
Event: 0.016 loading class java/lang/NullPointerException
Event: 0.016 loading class java/lang/NullPointerException done
Event: 0.016 loading class java/lang/ArithmeticException
Event: 0.016 loading class java/lang/ArithmeticException done


Dynamic libraries:
0x00007ff777d30000 - 0x00007ff777d65000 	C:\unityEditor\2021.3.15f1\Editor\Data\PlaybackEngines\AndroidPlayer\OpenJDK\bin\java.exe
0x00007ffb91e90000 - 0x00007ffb92088000 	C:\WINDOWS\SYSTEM32\ntdll.dll
0x00007ffb8aaf0000 - 0x00007ffb8ab09000 	C:\Program Files\Avast Software\Avast\aswhook.dll
0x00007ffb907e0000 - 0x00007ffb9089d000 	C:\WINDOWS\System32\KERNEL32.DLL
0x00007ffb8f900000 - 0x00007ffb8fbf6000 	C:\WINDOWS\System32\KERNELBASE.dll
0x00007ffb90150000 - 0x00007ffb90200000 	C:\WINDOWS\System32\ADVAPI32.dll
0x00007ffb903e0000 - 0x00007ffb9047e000 	C:\WINDOWS\System32\msvcrt.dll
0x00007ffb90030000 - 0x00007ffb900d0000 	C:\WINDOWS\System32\sechost.dll
0x00007ffb91010000 - 0x00007ffb91133000 	C:\WINDOWS\System32\RPCRT4.dll
0x00007ffb8fe90000 - 0x00007ffb8feb7000 	C:\WINDOWS\System32\bcrypt.dll
0x00007ffb919c0000 - 0x00007ffb91b5f000 	C:\WINDOWS\System32\USER32.dll
0x00007ffb8f6e0000 - 0x00007ffb8f702000 	C:\WINDOWS\System32\win32u.dll
0x00007ffb8fff0000 - 0x00007ffb9001b000 	C:\WINDOWS\System32\GDI32.dll
0x00007ffb8fc00000 - 0x00007ffb8fd17000 	C:\WINDOWS\System32\gdi32full.dll
0x00007ffb8f540000 - 0x00007ffb8f5dd000 	C:\WINDOWS\System32\msvcp_win.dll
0x00007ffb8fd90000 - 0x00007ffb8fe90000 	C:\WINDOWS\System32\ucrtbase.dll
0x00007ffb76530000 - 0x00007ffb767ca000 	C:\WINDOWS\WinSxS\amd64_microsoft.windows.common-controls_6595b64144ccf1df_6.0.19041.3636_none_60b6a03d71f818d5\COMCTL32.dll
0x00007ffb91980000 - 0x00007ffb919b2000 	C:\WINDOWS\System32\IMM32.DLL
0x0000000064ef0000 - 0x0000000064fc2000 	C:\unityEditor\2021.3.15f1\Editor\Data\PlaybackEngines\AndroidPlayer\OpenJDK\jre\bin\msvcr100.dll
0x00000000646a0000 - 0x0000000064ee9000 	C:\unityEditor\2021.3.15f1\Editor\Data\PlaybackEngines\AndroidPlayer\OpenJDK\jre\bin\server\jvm.dll
0x00007ffb91d50000 - 0x00007ffb91d58000 	C:\WINDOWS\System32\PSAPI.DLL
0x00007ffb79c10000 - 0x00007ffb79c19000 	C:\WINDOWS\SYSTEM32\WSOCK32.dll
0x00007ffb6fe50000 - 0x00007ffb6fe77000 	C:\WINDOWS\SYSTEM32\WINMM.dll
0x00007ffb89240000 - 0x00007ffb8924a000 	C:\WINDOWS\SYSTEM32\VERSION.dll
0x00007ffb91b60000 - 0x00007ffb91bcb000 	C:\WINDOWS\System32\WS2_32.dll
0x00007ffb88700000 - 0x00007ffb8870f000 	C:\unityEditor\2021.3.15f1\Editor\Data\PlaybackEngines\AndroidPlayer\OpenJDK\jre\bin\verify.dll
0x00007ffb6cee0000 - 0x00007ffb6cf09000 	C:\unityEditor\2021.3.15f1\Editor\Data\PlaybackEngines\AndroidPlayer\OpenJDK\jre\bin\java.dll
0x00007ffb70120000 - 0x00007ffb70136000 	C:\unityEditor\2021.3.15f1\Editor\Data\PlaybackEngines\AndroidPlayer\OpenJDK\jre\bin\zip.dll

VM Arguments:
jvm_args: -Dfile.encoding=UTF-8 
java_command: org.gradle.launcher.GradleMain -Dorg.gradle.jvmargs=-Xmx4096m --stop
java_class_path (initial): C:\unityEditor\2021.3.15f1\Editor\Data\PlaybackEngines\AndroidPlayer\Tools\gradle\lib\gradle-launcher-6.1.1.jar
Launcher Type: SUN_STANDARD

Environment Variables:
JAVA_HOME=C:\unityEditor\2021.3.15f1\Editor\Data\PlaybackEngines\AndroidPlayer\OpenJDK
JAVA_TOOL_OPTIONS=-Dfile.encoding=UTF-8
PATH=C:\Program Files\Microsoft MPI\Bin\;C:\Program Files\Common Files\Oracle\Java\javapath;C:\WINDOWS\system32;C:\WINDOWS;C:\WINDOWS\System32\Wbem;C:\WINDOWS\System32\WindowsPowerShell\v1.0\;C:\WINDOWS\System32\OpenSSH\;C:\Program Files\Git\cmd;C:\Program Files\mingw-w64\x86_64-8.1.0-posix-seh-rt_v6-rev0\mingw64\bin;C:\Program Files (x86)\Microsoft SQL Server\150\DTS\Binn\;C:\Program Files\Azure Data Studio\bin;C:\Program Files\nodejs\;C:\Users\kseny\AppData\Local\Programs\Python\Python39\Scripts\;C:\Users\kseny\AppData\Local\Programs\Python\Python39\;C:\Users\kseny\AppData\Local\Microsoft\WindowsApps;C:\Users\kseny\AppData\Local\Programs\Microsoft VS Code\bin;C:\Program Files\Java\jdk-14.0.2\bin;C:\Program Files\JetBrains\PyCharm Community Edition 2021.1.1\bin;;C:\Program Files\JetBrains\IntelliJ IDEA 2021.2.1\bin;;C:\Program Files\Azure Data Studio\bin;C:\Users\kseny\AppData\Roaming\npm;C:\Users\kseny\AppData\Local\GitHubDesktop\bin
USERNAME=kseny
OS=Windows_NT
PROCESSOR_IDENTIFIER=Intel64 Family 6 Model 126 Stepping 5, GenuineIntel



---------------  S Y S T E M  ---------------

OS: Windows 10.0 , 64 bit Build 19041 (10.0.19041.3636)

CPU:total 8 (initial active 8) (4 cores per cpu, 2 threads per core) family 6 model 126 stepping 5, cmov, cx8, fxsr, mmx, sse, sse2, sse3, ssse3, sse4.1, sse4.2, popcnt, avx, avx2, aes, clmul, erms, 3dnowpref, lzcnt, ht, tsc, tscinvbit, bmi1, bmi2, adx

Memory: 4k page, physical 8154872k(520468k free), swap 19418872k(6120k free)

vm_info: OpenJDK 64-Bit Server VM (25.71-b00) for windows-amd64 JRE (1.8.0-adoptopenjdk-_2018_05_19_00_59-b00), built on May 19 2018 01:02:12 by "jenkins" with MS VC++ 10.0 (VS2010)

time: Fri May 10 19:36:43 2024
elapsed time: 0 seconds (0d 0h 0m 0s)

